*** Start analyzing build configuration ***
Auto-config - Scanning: C:\projects\Final_Project
Auto-config - VHDL: C:\projects\Final_Project
Auto-config - Wrote:
    C:\projects\Final_Project\.dvt\default.build.auto.1
*** List of included argument files ***
    Build configuration file:  C:\projects\Final_Project\.dvt\default.build
    -f C:\projects\Final_Project\.dvt\default.build.auto.1
*** List of invocations ***
Invocation #1 +dvt_init+dvt in C:\projects\Final_Project\.dvt\default.build.auto.1 at line 14
*** Done analyzing build configuration [142 ms] ***
*** Start VHDL build ***
*** Loading top files ***
Loading (1) C:\projects\Final_Project\CalcAllDistances.vhd ...
Done C:\projects\Final_Project\CalcAllDistances.vhd [30 ms, 244 lines, VHDL_2008] ...
Loading (2) C:\projects\Final_Project\CalcClusterCentroids.vhd ...
Done C:\projects\Final_Project\CalcClusterCentroids.vhd [22 ms, 302 lines, VHDL_2008] ...
Loading (3) C:\projects\Final_Project\CalcTotalDistance.vhd ...
Done C:\projects\Final_Project\CalcTotalDistance.vhd [20 ms, 228 lines, VHDL_2008] ...
Loading (4) C:\projects\Final_Project\CheckIfAssignmentCountChanged.vhd ...
Done C:\projects\Final_Project\CheckIfAssignmentCountChanged.vhd [12 ms, 204 lines, VHDL_2008] ...
Loading (5) C:\projects\Final_Project\CopyAssignmentArray.vhd ...
Done C:\projects\Final_Project\CopyAssignmentArray.vhd [13 ms, 185 lines, VHDL_2008] ...
Loading (6) C:\projects\Final_Project\DataTypes_pkg.vhd ...
Done C:\projects\Final_Project\DataTypes_pkg.vhd [4 ms, 80 lines, VHDL_2008] ...
Loading (7) C:\projects\Final_Project\FindClosestCentroid.vhd ...
Done C:\projects\Final_Project\FindClosestCentroid.vhd [20 ms, 236 lines, VHDL_2008] ...
Loading (8) C:\projects\Final_Project\Kmeans.vhd ...
Done C:\projects\Final_Project\Kmeans.vhd [36 ms, 531 lines, VHDL_2008] ...
Loading (9) C:\projects\Final_Project\LoadUnLoadMem.vhd ...
Done C:\projects\Final_Project\LoadUnLoadMem.vhd [10 ms, 199 lines, VHDL_2008] ...
Loading (10) C:\projects\Final_Project\calcDistance.vhd ...
Done C:\projects\Final_Project\calcDistance.vhd [12 ms, 177 lines, VHDL_2008] ...
Loading (11) C:\projects\Final_Project\controller.vhd ...
Done C:\projects\Final_Project\controller.vhd [6 ms, 151 lines, VHDL_2008] ...
Loading (12) C:\projects\Final_Project\Top.vhd ...
Done C:\projects\Final_Project\Top.vhd [10 ms, 171 lines, VHDL_2008] ...
Loading (13) C:\projects\Final_Project\design_1_wrapper.vhd ...
Done C:\projects\Final_Project\design_1_wrapper.vhd [13 ms, 156 lines, VHDL_2008] ...
Loading (14) C:\projects\Final_Project\sqrt.vhd ...
Done C:\projects\Final_Project\sqrt.vhd [5 ms, 29 lines, VHDL_2008] ...
*** Done parsing [406.0 ms] ***
*** Total number of lines [2 893] ***
*** Error: VHDL_1076_2008: Unexpected token 'function'
    at line 5 in C:\projects\Final_Project\sqrt.vhd [compile index 14][invocation 1]
Performing post full build step 1 (VHDL - RU) [12 ms] ...
Performing post full build step 2 (VHDL - RT) [51 ms] ...
*** Done VHDL build [479 ms] ***
*** Start mixed mode extension build ***
Performing mixed post full build step 1 (VHDL - RU) [3 ms] ...
*** Error: UNDECLARED_LIBRARY: Library 'UNISIM' is not declared
    at line 13 in C:\projects\Final_Project\design_1_wrapper.vhd [compile index 13]
*** Error: UNDECLARED_LIBRARY: Library 'UNISIM' is not declared
    at line 12 in C:\projects\Final_Project\design_1_wrapper.vhd [compile index 13]
Performing mixed post full build step 2 (VHDL - RD) [3 ms] ...
Performing mixed post full build step 3 (VHDL - RT) [51 ms] ...
Performing mixed post full build step 4 (VHDL - FSC) [155 ms] ...
Performing mixed post full build step 5 (VHDL - US) [29 ms] ...
Performing mixed post full build step 6 (VHDL - RPC) [3 ms] ...
*** Error: UNDECLARED_LIBRARY: Library 'UNISIM' is not declared
    at line 13 in C:\projects\Final_Project\design_1_wrapper.vhd [compile index 13]
*** Error: UNDECLARED_LIBRARY: Library 'UNISIM' is not declared
    at line 12 in C:\projects\Final_Project\design_1_wrapper.vhd [compile index 13]
*** Error: UNDEFINED_SUBPROGRAM: Subprogram call '+' is undefined for expected return type 'fixed_generic_pkg.sfixed'
    at line 211 in C:\projects\Final_Project\CalcTotalDistance.vhd [compile index 3]
*** Error: UNDEFINED_SUBPROGRAM: Subprogram call '-' is undefined for expected return type 'fixed_generic_pkg.sfixed'
    at line 155 in C:\projects\Final_Project\calcDistance.vhd [compile index 10]
*** Error: UNDEFINED_SUBPROGRAM: Subprogram call '*' is undefined for expected return type 'fixed_generic_pkg.sfixed'
    at line 159 in C:\projects\Final_Project\calcDistance.vhd [compile index 10]
*** Error: UNDEFINED_SUBPROGRAM: Subprogram call '+' is undefined for expected return type 'fixed_generic_pkg.sfixed'
    at line 164 in C:\projects\Final_Project\calcDistance.vhd [compile index 10]
*** Error: UNDECLARED_IDENTIFIER: Identifier 'HISTO_BRAM_BASE' is not declared
    at line 130 in C:\projects\Final_Project\controller.vhd [compile index 11]
*** Error: UNDECLARED_IDENTIFIER: Identifier 'HISTO_BRAM_UPPER_LIMIT' is not declared
    at line 131 in C:\projects\Final_Project\controller.vhd [compile index 11]
*** Error: UNDECLARED_IDENTIFIER: Identifier 'Kmeans_start' is not a member of 'ControllerMod'
    at line 149 in C:\projects\Final_Project\Top.vhd [compile index 12]
*** Error: UNDECLARED_IDENTIFIER: Identifier 'Kmeans_ready' is not a member of 'ControllerMod'
    at line 149 in C:\projects\Final_Project\Top.vhd [compile index 12]
*** Done mixed mode extension build [253 ms] ***
*** Start adding/validating the DVT Auto-Linked resources ***
*** Done adding/validating the DVT Auto-Linked resources [2 ms] ***
*** Total build time [878 ms] ***
